[debug] [2017-09-05T10:43:25.759Z] ----------------------------------------------------------------------
[debug] [2017-09-05T10:43:25.763Z] Command:       /usr/bin/nodejs /home/odd/.npm-global/bin/firebase deploy
[debug] [2017-09-05T10:43:25.763Z] CLI Version:   3.9.2
[debug] [2017-09-05T10:43:25.763Z] Platform:      linux
[debug] [2017-09-05T10:43:25.763Z] Node Version:  v6.11.0
[debug] [2017-09-05T10:43:25.763Z] Time:          Tue Sep 05 2017 17:43:25 GMT+0700 (+07)
[debug] [2017-09-05T10:43:25.763Z] ----------------------------------------------------------------------
[debug] 
[debug] [2017-09-05T10:43:25.776Z] > command requires scopes: ["email","openid","https://www.googleapis.com/auth/cloudplatformprojects.readonly","https://www.googleapis.com/auth/firebase","https://www.googleapis.com/auth/cloud-platform"]
[debug] [2017-09-05T10:43:25.777Z] > authorizing via signed-in user
[debug] [2017-09-05T10:43:25.779Z] > refreshing access token with scopes: ["email","https://www.googleapis.com/auth/cloud-platform","https://www.googleapis.com/auth/cloudplatformprojects.readonly","https://www.googleapis.com/auth/firebase","openid"]
[debug] [2017-09-05T10:43:25.780Z] >>> HTTP REQUEST POST https://www.googleapis.com/oauth2/v3/token { refresh_token: '1/9LYya984XvXpN6lC6f4zgS6rFnfwqmps53Zq07LLzy4nUmlUN2pvKbVFCQ_JCL69',
  client_id: '563584335869-fgrhgmd47bqnekij5i8b5pr03ho849e6.apps.googleusercontent.com',
  client_secret: 'j9iVZfS8kkCEFUPaAeJV0sAi',
  grant_type: 'refresh_token',
  scope: 'email https://www.googleapis.com/auth/cloud-platform https://www.googleapis.com/auth/cloudplatformprojects.readonly https://www.googleapis.com/auth/firebase openid' } 
 Tue Sep 05 2017 17:43:25 GMT+0700 (+07)
[debug] [2017-09-05T10:43:26.128Z] <<< HTTP RESPONSE 200
[debug] [2017-09-05T10:43:26.133Z] >>> HTTP REQUEST GET https://admin.firebase.com/v1/projects/live-feed-cards  
 Tue Sep 05 2017 17:43:26 GMT+0700 (+07)
[debug] [2017-09-05T10:43:27.366Z] <<< HTTP RESPONSE 200
[debug] [2017-09-05T10:43:27.369Z] >>> HTTP REQUEST GET https://admin.firebase.com/v1/database/live-feed-cards/tokens  
 Tue Sep 05 2017 17:43:27 GMT+0700 (+07)
[debug] [2017-09-05T10:43:28.377Z] <<< HTTP RESPONSE 200
[info] 
[info] === Deploying to 'live-feed-cards'...
[info] 
[info] i  deploying database, functions, hosting
[info] ✔  database: rules ready to deploy.
[debug] [2017-09-05T10:43:30.775Z] > [functions] package.json contents: {
  "name": "functions",
  "description": "Cloud Functions for Firebase",
  "dependencies": {
    "firebase-admin": "~4.2.1",
    "firebase-functions": "^0.5.7"
  },
  "private": true
}
[info] i  functions: ensuring necessary APIs are enabled...
[info] i  runtimeconfig: ensuring necessary APIs are enabled...
[debug] [2017-09-05T10:43:30.782Z] >>> HTTP REQUEST GET https://servicemanagement.googleapis.com/v1/services/cloudfunctions.googleapis.com/projectSettings/live-feed-cards?view=CONSUMER_VIEW  
 Tue Sep 05 2017 17:43:30 GMT+0700 (+07)
[debug] [2017-09-05T10:43:30.784Z] >>> HTTP REQUEST GET https://servicemanagement.googleapis.com/v1/services/runtimeconfig.googleapis.com/projectSettings/live-feed-cards?view=CONSUMER_VIEW  
 Tue Sep 05 2017 17:43:30 GMT+0700 (+07)
[debug] [2017-09-05T10:43:31.491Z] <<< HTTP RESPONSE 200
[info] ✔  runtimeconfig: all necessary APIs are enabled
[debug] [2017-09-05T10:43:32.538Z] <<< HTTP RESPONSE 200
[info] ✔  functions: all necessary APIs are enabled
[debug] [2017-09-05T10:43:32.541Z] >>> HTTP REQUEST GET https://appengine.googleapis.com/v1/apps/live-feed-cards  
 Tue Sep 05 2017 17:43:32 GMT+0700 (+07)
[debug] [2017-09-05T10:43:32.543Z] >>> HTTP REQUEST GET https://apikeys.googleapis.com/v1/projects/live-feed-cards/apiKeys  
 Tue Sep 05 2017 17:43:32 GMT+0700 (+07)
[debug] [2017-09-05T10:43:34.083Z] <<< HTTP RESPONSE 200
[debug] [2017-09-05T10:43:34.167Z] <<< HTTP RESPONSE 200
[info] i  functions: preparing functions directory for uploading...
[debug] [2017-09-05T10:43:35.200Z] >>> HTTP REQUEST GET https://runtimeconfig.googleapis.com/v1beta1/projects/live-feed-cards/configs  
 Tue Sep 05 2017 17:43:35 GMT+0700 (+07)
[debug] [2017-09-05T10:43:35.793Z] <<< HTTP RESPONSE 200
[info] i  hosting: preparing public directory for upload...
[debug] [2017-09-05T10:43:36.135Z] >>> HTTP REQUEST PUT https://deploy.firebase.com/v1/hosting/live-feed-cards/uploads/-KtGcpjQ91gMO4fit7eM?fileCount=4&message=  
 Tue Sep 05 2017 17:43:36 GMT+0700 (+07)
[debug] [2017-09-05T10:43:37.658Z] <<< HTTP RESPONSE 200
[debug] [2017-09-05T10:43:37.659Z] [hosting] .tgz uploaded successfully, waiting for extraction
